Ion = Helium      , Mass = 3.016
Tgt = Be (Solid), Density = 1.8 g/cm3
Stopping Units =  eV/(1E15 atoms/cm2)
Energy(keV)  S(Elec)    S(Nuc)
1.245E+04   4.604E+00  2.149E-03 
1.245E+04   4.604E+00  2.149E-03 
1.245E+04   4.604E+00  2.149E-03 
1.245E+04   4.603E+00  2.149E-03 
1.246E+04   4.603E+00  2.149E-03 
1.246E+04   4.603E+00  2.149E-03 
1.246E+04   4.603E+00  2.149E-03 
1.246E+04   4.603E+00  2.149E-03 
1.246E+04   4.602E+00  2.149E-03 
1.246E+04   4.602E+00  2.149E-03 
1.246E+04   4.602E+00  2.148E-03 
1.246E+04   4.602E+00  2.148E-03 
1.246E+04   4.602E+00  2.148E-03 
1.246E+04   4.601E+00  2.148E-03 
1.246E+04   4.601E+00  2.148E-03 
1.246E+04   4.601E+00  2.148E-03 
1.246E+04   4.601E+00  2.148E-03 
1.246E+04   4.601E+00  2.148E-03 
1.246E+04   4.600E+00  2.148E-03 
1.246E+04   4.600E+00  2.148E-03 
1.247E+04   4.600E+00  2.147E-03 
1.247E+04   4.600E+00  2.147E-03 
1.247E+04   4.600E+00  2.147E-03 
1.247E+04   4.599E+00  2.147E-03 
1.247E+04   4.599E+00  2.147E-03 
1.247E+04   4.599E+00  2.147E-03 
1.247E+04   4.599E+00  2.147E-03 
1.247E+04   4.599E+00  2.147E-03 
1.247E+04   4.599E+00  2.147E-03 
1.247E+04   4.598E+00  2.147E-03 
1.247E+04   4.598E+00  2.146E-03 
1.247E+04   4.598E+00  2.146E-03 
1.247E+04   4.598E+00  2.146E-03 
1.247E+04   4.598E+00  2.146E-03 
1.247E+04   4.597E+00  2.146E-03 
1.248E+04   4.597E+00  2.146E-03 
1.248E+04   4.597E+00  2.146E-03 
1.248E+04   4.597E+00  2.146E-03 
1.248E+04   4.597E+00  2.146E-03 
1.248E+04   4.596E+00  2.146E-03 
1.248E+04   4.596E+00  2.145E-03 
1.248E+04   4.596E+00  2.145E-03 
1.248E+04   4.596E+00  2.145E-03 
1.248E+04   4.596E+00  2.145E-03 
1.248E+04   4.595E+00  2.145E-03 
1.248E+04   4.595E+00  2.145E-03 
1.248E+04   4.595E+00  2.145E-03 
1.248E+04   4.595E+00  2.145E-03 
1.248E+04   4.595E+00  2.145E-03 
1.248E+04   4.594E+00  2.145E-03 
1.249E+04   4.594E+00  2.144E-03 
1.249E+04   4.594E+00  2.144E-03 
1.249E+04   4.594E+00  2.144E-03 
1.249E+04   4.594E+00  2.144E-03 
1.249E+04   4.594E+00  2.144E-03 
1.249E+04   4.593E+00  2.144E-03 
1.249E+04   4.593E+00  2.144E-03 
1.249E+04   4.593E+00  2.144E-03 
1.249E+04   4.593E+00  2.144E-03 
1.249E+04   4.593E+00  2.144E-03 
1.249E+04   4.592E+00  2.143E-03 
1.249E+04   4.592E+00  2.143E-03 
1.249E+04   4.592E+00  2.143E-03 
1.249E+04   4.592E+00  2.143E-03 
1.249E+04   4.592E+00  2.143E-03 
1.250E+04   4.591E+00  2.143E-03 
1.250E+04   4.591E+00  2.143E-03 
1.250E+04   4.591E+00  2.143E-03 
1.250E+04   4.591E+00  2.143E-03 
1.250E+04   4.591E+00  2.143E-03 
1.250E+04   4.590E+00  2.142E-03 
1.250E+04   4.590E+00  2.142E-03 
1.250E+04   4.590E+00  2.142E-03 
1.250E+04   4.590E+00  2.142E-03 
1.250E+04   4.590E+00  2.142E-03 
1.250E+04   4.590E+00  2.142E-03 
1.250E+04   4.589E+00  2.142E-03 
1.250E+04   4.589E+00  2.142E-03 
1.250E+04   4.589E+00  2.142E-03 
1.250E+04   4.589E+00  2.142E-03 
1.250E+04   4.589E+00  2.141E-03 
1.251E+04   4.588E+00  2.141E-03 
1.251E+04   4.588E+00  2.141E-03 
1.251E+04   4.588E+00  2.141E-03 
1.251E+04   4.588E+00  2.141E-03 
1.251E+04   4.588E+00  2.141E-03 
1.251E+04   4.587E+00  2.141E-03 
1.251E+04   4.587E+00  2.141E-03 
1.251E+04   4.587E+00  2.141E-03 
1.251E+04   4.587E+00  2.141E-03 
1.251E+04   4.587E+00  2.140E-03 
1.251E+04   4.586E+00  2.140E-03 
1.251E+04   4.586E+00  2.140E-03 
1.251E+04   4.586E+00  2.140E-03 
1.251E+04   4.586E+00  2.140E-03 
1.251E+04   4.586E+00  2.140E-03 
1.252E+04   4.586E+00  2.140E-03 
1.252E+04   4.585E+00  2.140E-03 
1.252E+04   4.585E+00  2.140E-03 
1.252E+04   4.585E+00  2.140E-03 
1.252E+04   4.585E+00  2.139E-03 
1.252E+04   4.585E+00  2.139E-03 
1.252E+04   4.584E+00  2.139E-03 
1.252E+04   4.584E+00  2.139E-03 
1.252E+04   4.584E+00  2.139E-03 
1.252E+04   4.584E+00  2.139E-03 
1.252E+04   4.584E+00  2.139E-03 
1.252E+04   4.583E+00  2.139E-03 
1.252E+04   4.583E+00  2.139E-03 
1.252E+04   4.583E+00  2.139E-03 
1.252E+04   4.583E+00  2.138E-03 
1.253E+04   4.583E+00  2.138E-03 
1.253E+04   4.582E+00  2.138E-03 
1.253E+04   4.582E+00  2.138E-03 
1.253E+04   4.582E+00  2.138E-03 
1.253E+04   4.582E+00  2.138E-03 
1.253E+04   4.582E+00  2.138E-03 
1.253E+04   4.582E+00  2.138E-03 
1.253E+04   4.581E+00  2.138E-03 
1.253E+04   4.581E+00  2.138E-03 
1.253E+04   4.581E+00  2.137E-03 
1.253E+04   4.581E+00  2.137E-03 
1.253E+04   4.581E+00  2.137E-03 
1.253E+04   4.580E+00  2.137E-03 
1.253E+04   4.580E+00  2.137E-03 
1.253E+04   4.580E+00  2.137E-03 
1.254E+04   4.580E+00  2.137E-03 
1.254E+04   4.580E+00  2.137E-03 
1.254E+04   4.579E+00  2.137E-03 
1.254E+04   4.579E+00  2.137E-03 
1.254E+04   4.579E+00  2.136E-03 
1.254E+04   4.579E+00  2.136E-03 
1.254E+04   4.579E+00  2.136E-03 
1.254E+04   4.579E+00  2.136E-03 
1.254E+04   4.578E+00  2.136E-03 
1.254E+04   4.578E+00  2.136E-03 
1.254E+04   4.578E+00  2.136E-03 
1.254E+04   4.578E+00  2.136E-03 
1.254E+04   4.578E+00  2.136E-03 
1.254E+04   4.577E+00  2.136E-03 
1.254E+04   4.577E+00  2.135E-03 
1.254E+04   4.577E+00  2.135E-03 
1.255E+04   4.577E+00  2.135E-03 
1.255E+04   4.577E+00  2.135E-03 
1.255E+04   4.576E+00  2.135E-03 
1.255E+04   4.576E+00  2.135E-03 
1.255E+04   4.576E+00  2.135E-03 
1.255E+04   4.576E+00  2.135E-03 
1.255E+04   4.576E+00  2.135E-03 
1.255E+04   4.575E+00  2.135E-03 
1.255E+04   4.575E+00  2.134E-03 
1.255E+04   4.575E+00  2.134E-03 
1.255E+04   4.575E+00  2.134E-03 
1.255E+04   4.575E+00  2.134E-03 
1.255E+04   4.575E+00  2.134E-03 
1.255E+04   4.574E+00  2.134E-03 
1.255E+04   4.574E+00  2.134E-03 
1.256E+04   4.574E+00  2.134E-03 
1.256E+04   4.574E+00  2.134E-03 
1.256E+04   4.574E+00  2.134E-03 
1.256E+04   4.573E+00  2.133E-03 
1.256E+04   4.573E+00  2.133E-03 
1.256E+04   4.573E+00  2.133E-03 
1.256E+04   4.573E+00  2.133E-03 
1.256E+04   4.573E+00  2.133E-03 
1.256E+04   4.572E+00  2.133E-03 
1.256E+04   4.572E+00  2.133E-03 
1.256E+04   4.572E+00  2.133E-03 
1.256E+04   4.572E+00  2.133E-03 
1.256E+04   4.572E+00  2.133E-03 
1.256E+04   4.572E+00  2.132E-03 
1.256E+04   4.571E+00  2.132E-03 
1.257E+04   4.571E+00  2.132E-03 
1.257E+04   4.571E+00  2.132E-03 
1.257E+04   4.571E+00  2.132E-03 
1.257E+04   4.571E+00  2.132E-03 
1.257E+04   4.570E+00  2.132E-03 
1.257E+04   4.570E+00  2.132E-03 
1.257E+04   4.570E+00  2.132E-03 
1.257E+04   4.570E+00  2.132E-03 
1.257E+04   4.570E+00  2.131E-03 
1.257E+04   4.569E+00  2.131E-03 
1.257E+04   4.569E+00  2.131E-03 
1.257E+04   4.569E+00  2.131E-03 
1.257E+04   4.569E+00  2.131E-03 
1.257E+04   4.569E+00  2.131E-03 
1.257E+04   4.568E+00  2.131E-03 
1.258E+04   4.568E+00  2.131E-03 
1.258E+04   4.568E+00  2.131E-03 
1.258E+04   4.568E+00  2.131E-03 
1.258E+04   4.568E+00  2.130E-03 
1.258E+04   4.568E+00  2.130E-03 
1.258E+04   4.567E+00  2.130E-03 
1.258E+04   4.567E+00  2.130E-03 
1.258E+04   4.567E+00  2.130E-03 
1.258E+04   4.567E+00  2.130E-03 
1.258E+04   4.567E+00  2.130E-03 
1.258E+04   4.566E+00  2.130E-03 
1.258E+04   4.566E+00  2.130E-03 
1.258E+04   4.566E+00  2.130E-03 
1.258E+04   4.566E+00  2.129E-03 
1.258E+04   4.566E+00  2.129E-03 
1.258E+04   4.565E+00  2.129E-03 
1.259E+04   4.565E+00  2.129E-03 
1.259E+04   4.565E+00  2.129E-03 
1.259E+04   4.565E+00  2.129E-03 
1.259E+04   4.565E+00  2.129E-03 
1.259E+04   4.565E+00  2.129E-03 
1.259E+04   4.564E+00  2.129E-03 
1.259E+04   4.564E+00  2.129E-03 
1.259E+04   4.564E+00  2.128E-03 
1.259E+04   4.564E+00  2.128E-03 
1.259E+04   4.564E+00  2.128E-03 
1.259E+04   4.563E+00  2.128E-03 
1.259E+04   4.563E+00  2.128E-03 
1.259E+04   4.563E+00  2.128E-03 
1.259E+04   4.563E+00  2.128E-03 
1.259E+04   4.563E+00  2.128E-03 
1.260E+04   4.562E+00  2.128E-03 
1.260E+04   4.562E+00  2.128E-03 
1.260E+04   4.562E+00  2.127E-03 
1.260E+04   4.562E+00  2.127E-03 
1.260E+04   4.562E+00  2.127E-03 
1.260E+04   4.562E+00  2.127E-03 
1.260E+04   4.561E+00  2.127E-03 
1.260E+04   4.561E+00  2.127E-03 
1.260E+04   4.561E+00  2.127E-03 
1.260E+04   4.561E+00  2.127E-03 
1.260E+04   4.561E+00  2.127E-03 
1.260E+04   4.560E+00  2.127E-03 
1.260E+04   4.560E+00  2.126E-03 
1.260E+04   4.560E+00  2.126E-03 
1.260E+04   4.560E+00  2.126E-03 
1.261E+04   4.560E+00  2.126E-03 
1.261E+04   4.559E+00  2.126E-03 
1.261E+04   4.559E+00  2.126E-03 
1.261E+04   4.559E+00  2.126E-03 
1.261E+04   4.559E+00  2.126E-03 
1.261E+04   4.559E+00  2.126E-03 
1.261E+04   4.558E+00  2.126E-03 
1.261E+04   4.558E+00  2.125E-03 
1.261E+04   4.558E+00  2.125E-03 
1.261E+04   4.558E+00  2.125E-03 
1.261E+04   4.558E+00  2.125E-03 
1.261E+04   4.558E+00  2.125E-03 
1.261E+04   4.557E+00  2.125E-03 
1.261E+04   4.557E+00  2.125E-03 
1.261E+04   4.557E+00  2.125E-03 
1.262E+04   4.557E+00  2.125E-03 
1.262E+04   4.557E+00  2.125E-03 
1.262E+04   4.556E+00  2.124E-03 
1.262E+04   4.556E+00  2.124E-03 
1.262E+04   4.556E+00  2.124E-03 
1.262E+04   4.556E+00  2.124E-03 
1.262E+04   4.556E+00  2.124E-03 
1.262E+04   4.555E+00  2.124E-03 
1.262E+04   4.555E+00  2.124E-03 
1.262E+04   4.555E+00  2.124E-03 
1.262E+04   4.555E+00  2.124E-03 
1.262E+04   4.555E+00  2.124E-03 
1.262E+04   4.555E+00  2.123E-03 
1.262E+04   4.554E+00  2.123E-03 
1.262E+04   4.554E+00  2.123E-03 
1.262E+04   4.554E+00  2.123E-03 
1.263E+04   4.554E+00  2.123E-03 
1.263E+04   4.554E+00  2.123E-03 
1.263E+04   4.553E+00  2.123E-03 
1.263E+04   4.553E+00  2.123E-03 
1.263E+04   4.553E+00  2.123E-03 
1.263E+04   4.553E+00  2.123E-03 
1.263E+04   4.553E+00  2.122E-03 
1.263E+04   4.552E+00  2.122E-03 
1.263E+04   4.552E+00  2.122E-03 
1.263E+04   4.552E+00  2.122E-03 
1.263E+04   4.552E+00  2.122E-03 
1.263E+04   4.552E+00  2.122E-03 
1.263E+04   4.552E+00  2.122E-03 
1.263E+04   4.551E+00  2.122E-03 
1.263E+04   4.551E+00  2.122E-03 
1.264E+04   4.551E+00  2.122E-03 
1.264E+04   4.551E+00  2.122E-03 
1.264E+04   4.551E+00  2.121E-03 
1.264E+04   4.550E+00  2.121E-03 
1.264E+04   4.550E+00  2.121E-03 
1.264E+04   4.550E+00  2.121E-03 
1.264E+04   4.550E+00  2.121E-03 
1.264E+04   4.550E+00  2.121E-03 
1.264E+04   4.550E+00  2.121E-03 
1.264E+04   4.549E+00  2.121E-03 
1.264E+04   4.549E+00  2.121E-03 
1.264E+04   4.549E+00  2.121E-03 
1.264E+04   4.549E+00  2.120E-03 
1.264E+04   4.549E+00  2.120E-03 
1.264E+04   4.548E+00  2.120E-03 
1.265E+04   4.548E+00  2.120E-03 
1.265E+04   4.548E+00  2.120E-03 
1.265E+04   4.548E+00  2.120E-03 
1.265E+04   4.548E+00  2.120E-03 
1.265E+04   4.547E+00  2.120E-03 
1.265E+04   4.547E+00  2.120E-03 
1.265E+04   4.547E+00  2.120E-03 
1.265E+04   4.547E+00  2.119E-03 
1.265E+04   4.547E+00  2.119E-03 
1.265E+04   4.547E+00  2.119E-03 
1.265E+04   4.546E+00  2.119E-03 
1.265E+04   4.546E+00  2.119E-03 
1.265E+04   4.546E+00  2.119E-03 
1.265E+04   4.546E+00  2.119E-03 
1.265E+04   4.546E+00  2.119E-03 
1.266E+04   4.545E+00  2.119E-03 
1.266E+04   4.545E+00  2.119E-03 
1.266E+04   4.545E+00  2.118E-03 
1.266E+04   4.545E+00  2.118E-03 
1.266E+04   4.545E+00  2.118E-03 
1.266E+04   4.544E+00  2.118E-03 
1.266E+04   4.544E+00  2.118E-03 
1.266E+04   4.544E+00  2.118E-03 
1.266E+04   4.544E+00  2.118E-03 
1.266E+04   4.544E+00  2.118E-03 
1.266E+04   4.544E+00  2.118E-03 
1.266E+04   4.543E+00  2.118E-03 
1.266E+04   4.543E+00  2.117E-03 
1.266E+04   4.543E+00  2.117E-03 
1.266E+04   4.543E+00  2.117E-03 
1.266E+04   4.543E+00  2.117E-03 
1.267E+04   4.542E+00  2.117E-03 
1.267E+04   4.542E+00  2.117E-03 
1.267E+04   4.542E+00  2.117E-03 
1.267E+04   4.542E+00  2.117E-03 
1.267E+04   4.542E+00  2.117E-03 
1.267E+04   4.541E+00  2.117E-03 
1.267E+04   4.541E+00  2.116E-03 
1.267E+04   4.541E+00  2.116E-03 
1.267E+04   4.541E+00  2.116E-03 
1.267E+04   4.541E+00  2.116E-03 
1.267E+04   4.541E+00  2.116E-03 
1.267E+04   4.540E+00  2.116E-03 
1.267E+04   4.540E+00  2.116E-03 
1.267E+04   4.540E+00  2.116E-03 
1.267E+04   4.540E+00  2.116E-03 
1.268E+04   4.540E+00  2.116E-03 
1.268E+04   4.539E+00  2.116E-03 
1.268E+04   4.539E+00  2.115E-03 
1.268E+04   4.539E+00  2.115E-03 
1.268E+04   4.539E+00  2.115E-03 
1.268E+04   4.539E+00  2.115E-03 
1.268E+04   4.539E+00  2.115E-03 
1.268E+04   4.538E+00  2.115E-03 
1.268E+04   4.538E+00  2.115E-03 
1.268E+04   4.538E+00  2.115E-03 
1.268E+04   4.538E+00  2.115E-03 
1.268E+04   4.538E+00  2.115E-03 
1.268E+04   4.537E+00  2.114E-03 
1.268E+04   4.537E+00  2.114E-03 
1.268E+04   4.537E+00  2.114E-03 
1.269E+04   4.537E+00  2.114E-03 
1.269E+04   4.537E+00  2.114E-03 
1.269E+04   4.536E+00  2.114E-03 
1.269E+04   4.536E+00  2.114E-03 
1.269E+04   4.536E+00  2.114E-03 
1.269E+04   4.536E+00  2.114E-03 
1.269E+04   4.536E+00  2.114E-03 
1.269E+04   4.536E+00  2.113E-03 
1.269E+04   4.535E+00  2.113E-03 
1.269E+04   4.535E+00  2.113E-03 
1.269E+04   4.535E+00  2.113E-03 
1.269E+04   4.535E+00  2.113E-03 
1.269E+04   4.535E+00  2.113E-03 
1.269E+04   4.534E+00  2.113E-03 
1.269E+04   4.534E+00  2.113E-03 
1.269E+04   4.534E+00  2.113E-03 
1.270E+04   4.534E+00  2.113E-03 
1.270E+04   4.534E+00  2.112E-03 
1.270E+04   4.533E+00  2.112E-03 
1.270E+04   4.533E+00  2.112E-03 
1.270E+04   4.533E+00  2.112E-03 
1.270E+04   4.533E+00  2.112E-03 
1.270E+04   4.533E+00  2.112E-03 
1.270E+04   4.533E+00  2.112E-03 
1.270E+04   4.532E+00  2.112E-03 
1.270E+04   4.532E+00  2.112E-03 
1.270E+04   4.532E+00  2.112E-03 
1.270E+04   4.532E+00  2.112E-03 
1.270E+04   4.532E+00  2.111E-03 
1.270E+04   4.531E+00  2.111E-03 
1.270E+04   4.531E+00  2.111E-03 
1.271E+04   4.531E+00  2.111E-03 
1.271E+04   4.531E+00  2.111E-03 
1.271E+04   4.531E+00  2.111E-03 
1.271E+04   4.531E+00  2.111E-03 
1.271E+04   4.530E+00  2.111E-03 
1.271E+04   4.530E+00  2.111E-03 
1.271E+04   4.530E+00  2.111E-03 
1.271E+04   4.530E+00  2.110E-03 
1.271E+04   4.530E+00  2.110E-03 
1.271E+04   4.529E+00  2.110E-03 
1.271E+04   4.529E+00  2.110E-03 
1.271E+04   4.529E+00  2.110E-03 
1.271E+04   4.529E+00  2.110E-03 
1.271E+04   4.529E+00  2.110E-03 
1.271E+04   4.528E+00  2.110E-03 
1.272E+04   4.528E+00  2.110E-03 
1.272E+04   4.528E+00  2.110E-03 
1.272E+04   4.528E+00  2.109E-03 
1.272E+04   4.528E+00  2.109E-03 
1.272E+04   4.528E+00  2.109E-03 
1.272E+04   4.527E+00  2.109E-03 
1.272E+04   4.527E+00  2.109E-03 
1.272E+04   4.527E+00  2.109E-03 
1.272E+04   4.527E+00  2.109E-03 
1.272E+04   4.527E+00  2.109E-03 
1.272E+04   4.526E+00  2.109E-03 
1.272E+04   4.526E+00  2.109E-03 
1.272E+04   4.526E+00  2.108E-03 
1.272E+04   4.526E+00  2.108E-03 
1.272E+04   4.526E+00  2.108E-03 
1.273E+04   4.526E+00  2.108E-03 
1.273E+04   4.525E+00  2.108E-03 
1.273E+04   4.525E+00  2.108E-03 
1.273E+04   4.525E+00  2.108E-03 
1.273E+04   4.525E+00  2.108E-03 
1.273E+04   4.525E+00  2.108E-03 
1.273E+04   4.524E+00  2.108E-03 
1.273E+04   4.524E+00  2.108E-03 
1.273E+04   4.524E+00  2.107E-03 
1.273E+04   4.524E+00  2.107E-03 
1.273E+04   4.524E+00  2.107E-03 
1.273E+04   4.523E+00  2.107E-03 
1.273E+04   4.523E+00  2.107E-03 
1.273E+04   4.523E+00  2.107E-03 
1.273E+04   4.523E+00  2.107E-03 
1.273E+04   4.523E+00  2.107E-03 
1.274E+04   4.523E+00  2.107E-03 
1.274E+04   4.522E+00  2.107E-03 
1.274E+04   4.522E+00  2.106E-03 
1.274E+04   4.522E+00  2.106E-03 
1.274E+04   4.522E+00  2.106E-03 
1.274E+04   4.522E+00  2.106E-03 
1.274E+04   4.521E+00  2.106E-03 
1.274E+04   4.521E+00  2.106E-03 
1.274E+04   4.521E+00  2.106E-03 
1.274E+04   4.521E+00  2.106E-03 
1.274E+04   4.521E+00  2.106E-03 
1.274E+04   4.521E+00  2.106E-03 
1.274E+04   4.520E+00  2.105E-03 
1.274E+04   4.520E+00  2.105E-03 
1.274E+04   4.520E+00  2.105E-03 
1.275E+04   4.520E+00  2.105E-03 
1.275E+04   4.520E+00  2.105E-03 
1.275E+04   4.519E+00  2.105E-03 
1.275E+04   4.519E+00  2.105E-03 
1.275E+04   4.519E+00  2.105E-03 
1.275E+04   4.519E+00  2.105E-03 
1.275E+04   4.519E+00  2.105E-03 
1.275E+04   4.519E+00  2.104E-03 
1.275E+04   4.518E+00  2.104E-03 
1.275E+04   4.518E+00  2.104E-03 
1.275E+04   4.518E+00  2.104E-03 
1.275E+04   4.518E+00  2.104E-03 
1.275E+04   4.518E+00  2.104E-03 
1.275E+04   4.517E+00  2.104E-03 
1.275E+04   4.517E+00  2.104E-03 
1.276E+04   4.517E+00  2.104E-03 
1.276E+04   4.517E+00  2.104E-03 
1.276E+04   4.517E+00  2.104E-03 
1.276E+04   4.516E+00  2.103E-03 
1.276E+04   4.516E+00  2.103E-03 
1.276E+04   4.516E+00  2.103E-03 
1.276E+04   4.516E+00  2.103E-03 
1.276E+04   4.516E+00  2.103E-03 
1.276E+04   4.516E+00  2.103E-03 
1.276E+04   4.515E+00  2.103E-03 
1.276E+04   4.515E+00  2.103E-03 
1.276E+04   4.515E+00  2.103E-03 
1.276E+04   4.515E+00  2.103E-03 
1.276E+04   4.515E+00  2.102E-03 
1.276E+04   4.514E+00  2.102E-03 
1.277E+04   4.514E+00  2.102E-03 
1.277E+04   4.514E+00  2.102E-03 
1.277E+04   4.514E+00  2.102E-03 
1.277E+04   4.514E+00  2.102E-03 
1.277E+04   4.514E+00  2.102E-03 
1.277E+04   4.513E+00  2.102E-03 
1.277E+04   4.513E+00  2.102E-03 
1.277E+04   4.513E+00  2.102E-03 
1.277E+04   4.513E+00  2.101E-03 
1.277E+04   4.513E+00  2.101E-03 
1.277E+04   4.512E+00  2.101E-03 
1.277E+04   4.512E+00  2.101E-03 
1.277E+04   4.512E+00  2.101E-03 
1.277E+04   4.512E+00  2.101E-03 
1.277E+04   4.512E+00  2.101E-03 
1.277E+04   4.512E+00  2.101E-03 
1.278E+04   4.511E+00  2.101E-03 
1.278E+04   4.511E+00  2.101E-03 
1.278E+04   4.511E+00  2.101E-03 
1.278E+04   4.511E+00  2.100E-03 
1.278E+04   4.511E+00  2.100E-03 
1.278E+04   4.510E+00  2.100E-03 
1.278E+04   4.510E+00  2.100E-03 
1.278E+04   4.510E+00  2.100E-03 
1.278E+04   4.510E+00  2.100E-03 
1.278E+04   4.510E+00  2.100E-03 
1.278E+04   4.510E+00  2.100E-03 
1.278E+04   4.509E+00  2.100E-03 
1.278E+04   4.509E+00  2.100E-03 
1.278E+04   4.509E+00  2.099E-03 
1.278E+04   4.509E+00  2.099E-03 
1.279E+04   4.509E+00  2.099E-03 
1.279E+04   4.508E+00  2.099E-03 
1.279E+04   4.508E+00  2.099E-03 
1.279E+04   4.508E+00  2.099E-03 
1.279E+04   4.508E+00  2.099E-03 
1.279E+04   4.508E+00  2.099E-03 
1.279E+04   4.507E+00  2.099E-03 
1.279E+04   4.507E+00  2.099E-03 
1.279E+04   4.507E+00  2.099E-03 
1.279E+04   4.507E+00  2.098E-03 
1.279E+04   4.507E+00  2.098E-03 
1.279E+04   4.507E+00  2.098E-03 
1.279E+04   4.506E+00  2.098E-03 
1.279E+04   4.506E+00  2.098E-03 
1.279E+04   4.506E+00  2.098E-03 
1.280E+04   4.506E+00  2.098E-03 
1.280E+04   4.506E+00  2.098E-03 
1.280E+04   4.505E+00  2.098E-03 
1.280E+04   4.505E+00  2.098E-03 
1.280E+04   4.505E+00  2.097E-03 
1.280E+04   4.505E+00  2.097E-03 
1.280E+04   4.505E+00  2.097E-03 
1.280E+04   4.505E+00  2.097E-03 
1.280E+04   4.504E+00  2.097E-03 
1.280E+04   4.504E+00  2.097E-03 
1.280E+04   4.504E+00  2.097E-03 
1.280E+04   4.504E+00  2.097E-03 
1.280E+04   4.504E+00  2.097E-03 
1.280E+04   4.503E+00  2.097E-03 
1.280E+04   4.503E+00  2.096E-03 
1.281E+04   4.503E+00  2.096E-03 
1.281E+04   4.503E+00  2.096E-03 
1.281E+04   4.503E+00  2.096E-03 
1.281E+04   4.503E+00  2.096E-03 
1.281E+04   4.502E+00  2.096E-03 
1.281E+04   4.502E+00  2.096E-03 
1.281E+04   4.502E+00  2.096E-03 
1.281E+04   4.502E+00  2.096E-03 
1.281E+04   4.502E+00  2.096E-03 
1.281E+04   4.501E+00  2.096E-03 
1.281E+04   4.501E+00  2.095E-03 
1.281E+04   4.501E+00  2.095E-03 
1.281E+04   4.501E+00  2.095E-03 
1.281E+04   4.501E+00  2.095E-03 
1.281E+04   4.501E+00  2.095E-03 
1.281E+04   4.500E+00  2.095E-03 
1.282E+04   4.500E+00  2.095E-03 
1.282E+04   4.500E+00  2.095E-03 
1.282E+04   4.500E+00  2.095E-03 
1.282E+04   4.500E+00  2.095E-03 
1.282E+04   4.499E+00  2.094E-03 
1.282E+04   4.499E+00  2.094E-03 
1.282E+04   4.499E+00  2.094E-03 
1.282E+04   4.499E+00  2.094E-03 
1.282E+04   4.499E+00  2.094E-03 
1.282E+04   4.499E+00  2.094E-03 
1.282E+04   4.498E+00  2.094E-03 
1.282E+04   4.498E+00  2.094E-03 
1.282E+04   4.498E+00  2.094E-03 
1.282E+04   4.498E+00  2.094E-03 
1.282E+04   4.498E+00  2.094E-03 
1.283E+04   4.497E+00  2.093E-03 
1.283E+04   4.497E+00  2.093E-03 
1.283E+04   4.497E+00  2.093E-03 
1.283E+04   4.497E+00  2.093E-03 
1.283E+04   4.497E+00  2.093E-03 
1.283E+04   4.497E+00  2.093E-03 
1.283E+04   4.496E+00  2.093E-03 
1.283E+04   4.496E+00  2.093E-03 
1.283E+04   4.496E+00  2.093E-03 
1.283E+04   4.496E+00  2.093E-03 
1.283E+04   4.496E+00  2.092E-03 
1.283E+04   4.495E+00  2.092E-03 
1.283E+04   4.495E+00  2.092E-03 
1.283E+04   4.495E+00  2.092E-03 
1.283E+04   4.495E+00  2.092E-03 
1.284E+04   4.495E+00  2.092E-03 
1.284E+04   4.495E+00  2.092E-03 
1.284E+04   4.494E+00  2.092E-03 
1.284E+04   4.494E+00  2.092E-03 
1.284E+04   4.494E+00  2.092E-03 
1.284E+04   4.494E+00  2.091E-03 
1.284E+04   4.494E+00  2.091E-03 
1.284E+04   4.493E+00  2.091E-03 
1.284E+04   4.493E+00  2.091E-03 
1.284E+04   4.493E+00  2.091E-03 
1.284E+04   4.493E+00  2.091E-03 
1.284E+04   4.493E+00  2.091E-03 
1.284E+04   4.493E+00  2.091E-03 
1.284E+04   4.492E+00  2.091E-03 
1.284E+04   4.492E+00  2.091E-03 
1.285E+04   4.492E+00  2.091E-03 
1.285E+04   4.492E+00  2.090E-03 
1.285E+04   4.492E+00  2.090E-03 
1.285E+04   4.491E+00  2.090E-03 
1.285E+04   4.491E+00  2.090E-03 
1.285E+04   4.491E+00  2.090E-03 
1.285E+04   4.491E+00  2.090E-03 
1.285E+04   4.491E+00  2.090E-03 
1.285E+04   4.491E+00  2.090E-03 
1.285E+04   4.490E+00  2.090E-03 
1.285E+04   4.490E+00  2.090E-03 
1.285E+04   4.490E+00  2.089E-03 
1.285E+04   4.490E+00  2.089E-03 
1.285E+04   4.490E+00  2.089E-03 
1.285E+04   4.489E+00  2.089E-03 
1.285E+04   4.489E+00  2.089E-03 
1.286E+04   4.489E+00  2.089E-03 
1.286E+04   4.489E+00  2.089E-03 
1.286E+04   4.489E+00  2.089E-03 
1.286E+04   4.489E+00  2.089E-03 
1.286E+04   4.488E+00  2.089E-03 
1.286E+04   4.488E+00  2.089E-03 
1.286E+04   4.488E+00  2.088E-03 
1.286E+04   4.488E+00  2.088E-03 
1.286E+04   4.488E+00  2.088E-03 
1.286E+04   4.487E+00  2.088E-03 
1.286E+04   4.487E+00  2.088E-03 
1.286E+04   4.487E+00  2.088E-03 
1.286E+04   4.487E+00  2.088E-03 
1.286E+04   4.487E+00  2.088E-03 
1.286E+04   4.487E+00  2.088E-03 
1.287E+04   4.486E+00  2.088E-03 
1.287E+04   4.486E+00  2.087E-03 
1.287E+04   4.486E+00  2.087E-03 
1.287E+04   4.486E+00  2.087E-03 
1.287E+04   4.486E+00  2.087E-03 
1.287E+04   4.485E+00  2.087E-03 
1.287E+04   4.485E+00  2.087E-03 
1.287E+04   4.485E+00  2.087E-03 
1.287E+04   4.485E+00  2.087E-03 
1.287E+04   4.485E+00  2.087E-03 
1.287E+04   4.485E+00  2.087E-03 
1.287E+04   4.484E+00  2.087E-03 
1.287E+04   4.484E+00  2.086E-03 
1.287E+04   4.484E+00  2.086E-03 
1.287E+04   4.484E+00  2.086E-03 
1.288E+04   4.484E+00  2.086E-03 
1.288E+04   4.483E+00  2.086E-03 
1.288E+04   4.483E+00  2.086E-03 
1.288E+04   4.483E+00  2.086E-03 
1.288E+04   4.483E+00  2.086E-03 
1.288E+04   4.483E+00  2.086E-03 
1.288E+04   4.483E+00  2.086E-03 
1.288E+04   4.482E+00  2.085E-03 
1.288E+04   4.482E+00  2.085E-03 
1.288E+04   4.482E+00  2.085E-03 
1.288E+04   4.482E+00  2.085E-03 
1.288E+04   4.482E+00  2.085E-03 
1.288E+04   4.481E+00  2.085E-03 
1.288E+04   4.481E+00  2.085E-03 
1.288E+04   4.481E+00  2.085E-03 
1.289E+04   4.481E+00  2.085E-03 
1.289E+04   4.481E+00  2.085E-03 
1.289E+04   4.481E+00  2.085E-03 
1.289E+04   4.480E+00  2.084E-03 
1.289E+04   4.480E+00  2.084E-03 
1.289E+04   4.480E+00  2.084E-03 
1.289E+04   4.480E+00  2.084E-03 
1.289E+04   4.480E+00  2.084E-03 
1.289E+04   4.479E+00  2.084E-03 
1.289E+04   4.479E+00  2.084E-03 
1.289E+04   4.479E+00  2.084E-03 
1.289E+04   4.479E+00  2.084E-03 
1.289E+04   4.479E+00  2.084E-03 
1.289E+04   4.479E+00  2.083E-03 
1.289E+04   4.478E+00  2.083E-03 
1.289E+04   4.478E+00  2.083E-03 
1.290E+04   4.478E+00  2.083E-03 
1.290E+04   4.478E+00  2.083E-03 
1.290E+04   4.478E+00  2.083E-03 
1.290E+04   4.477E+00  2.083E-03 
1.290E+04   4.477E+00  2.083E-03 
1.290E+04   4.477E+00  2.083E-03 
1.290E+04   4.477E+00  2.083E-03 
1.290E+04   4.477E+00  2.083E-03 
1.290E+04   4.477E+00  2.082E-03 
1.290E+04   4.476E+00  2.082E-03 
1.290E+04   4.476E+00  2.082E-03 
1.290E+04   4.476E+00  2.082E-03 
1.290E+04   4.476E+00  2.082E-03 
1.290E+04   4.476E+00  2.082E-03 
1.290E+04   4.475E+00  2.082E-03 
1.291E+04   4.475E+00  2.082E-03 
1.291E+04   4.475E+00  2.082E-03 
1.291E+04   4.475E+00  2.082E-03 
1.291E+04   4.475E+00  2.082E-03 
1.291E+04   4.475E+00  2.081E-03 
1.291E+04   4.474E+00  2.081E-03 
1.291E+04   4.474E+00  2.081E-03 
1.291E+04   4.474E+00  2.081E-03 
1.291E+04   4.474E+00  2.081E-03 
1.291E+04   4.474E+00  2.081E-03 
1.291E+04   4.474E+00  2.081E-03 
1.291E+04   4.473E+00  2.081E-03 
1.291E+04   4.473E+00  2.081E-03 
1.291E+04   4.473E+00  2.081E-03 
1.291E+04   4.473E+00  2.080E-03 
1.292E+04   4.473E+00  2.080E-03 
1.292E+04   4.472E+00  2.080E-03 
1.292E+04   4.472E+00  2.080E-03 
1.292E+04   4.472E+00  2.080E-03 
1.292E+04   4.472E+00  2.080E-03 
1.292E+04   4.472E+00  2.080E-03 
1.292E+04   4.472E+00  2.080E-03 
1.292E+04   4.471E+00  2.080E-03 
1.292E+04   4.471E+00  2.080E-03 
1.292E+04   4.471E+00  2.080E-03 
1.292E+04   4.471E+00  2.079E-03 
1.292E+04   4.471E+00  2.079E-03 
1.292E+04   4.470E+00  2.079E-03 
1.292E+04   4.470E+00  2.079E-03 
1.292E+04   4.470E+00  2.079E-03 
1.293E+04   4.470E+00  2.079E-03 
1.293E+04   4.470E+00  2.079E-03 
1.293E+04   4.470E+00  2.079E-03 
1.293E+04   4.469E+00  2.079E-03 
1.293E+04   4.469E+00  2.079E-03 
1.293E+04   4.469E+00  2.078E-03 
1.293E+04   4.469E+00  2.078E-03 
1.293E+04   4.469E+00  2.078E-03 
1.293E+04   4.468E+00  2.078E-03 
1.293E+04   4.468E+00  2.078E-03 
1.293E+04   4.468E+00  2.078E-03 
1.293E+04   4.468E+00  2.078E-03 
1.293E+04   4.468E+00  2.078E-03 
1.293E+04   4.468E+00  2.078E-03 
1.293E+04   4.467E+00  2.078E-03 
1.293E+04   4.467E+00  2.078E-03 
1.294E+04   4.467E+00  2.077E-03 
1.294E+04   4.467E+00  2.077E-03 
1.294E+04   4.467E+00  2.077E-03 
1.294E+04   4.466E+00  2.077E-03 
1.294E+04   4.466E+00  2.077E-03 
1.294E+04   4.466E+00  2.077E-03 
1.294E+04   4.466E+00  2.077E-03 
1.294E+04   4.466E+00  2.077E-03 
1.294E+04   4.466E+00  2.077E-03 
1.294E+04   4.465E+00  2.077E-03 
1.294E+04   4.465E+00  2.076E-03 
1.294E+04   4.465E+00  2.076E-03 
1.294E+04   4.465E+00  2.076E-03 
1.294E+04   4.465E+00  2.076E-03 
1.294E+04   4.465E+00  2.076E-03 
1.295E+04   4.464E+00  2.076E-03 
1.295E+04   4.464E+00  2.076E-03 
1.295E+04   4.464E+00  2.076E-03 
1.295E+04   4.464E+00  2.076E-03 
1.295E+04   4.464E+00  2.076E-03 
1.295E+04   4.463E+00  2.076E-03 
1.295E+04   4.463E+00  2.075E-03 
1.295E+04   4.463E+00  2.075E-03 
1.295E+04   4.463E+00  2.075E-03 
1.295E+04   4.463E+00  2.075E-03 
1.295E+04   4.463E+00  2.075E-03 
1.295E+04   4.462E+00  2.075E-03 
1.295E+04   4.462E+00  2.075E-03 
1.295E+04   4.462E+00  2.075E-03 
1.295E+04   4.462E+00  2.075E-03 
1.296E+04   4.462E+00  2.075E-03 
1.296E+04   4.461E+00  2.075E-03 
1.296E+04   4.461E+00  2.074E-03 
1.296E+04   4.461E+00  2.074E-03 
1.296E+04   4.461E+00  2.074E-03 
1.296E+04   4.461E+00  2.074E-03 
1.296E+04   4.461E+00  2.074E-03 
1.296E+04   4.460E+00  2.074E-03 
1.296E+04   4.460E+00  2.074E-03 
1.296E+04   4.460E+00  2.074E-03 
1.296E+04   4.460E+00  2.074E-03 
1.296E+04   4.460E+00  2.074E-03 
1.296E+04   4.460E+00  2.073E-03 
1.296E+04   4.459E+00  2.073E-03 
1.296E+04   4.459E+00  2.073E-03 
1.296E+04   4.459E+00  2.073E-03 
1.297E+04   4.459E+00  2.073E-03 
1.297E+04   4.459E+00  2.073E-03 
1.297E+04   4.458E+00  2.073E-03 
1.297E+04   4.458E+00  2.073E-03 
1.297E+04   4.458E+00  2.073E-03 
1.297E+04   4.458E+00  2.073E-03 
1.297E+04   4.458E+00  2.073E-03 
1.297E+04   4.458E+00  2.072E-03 
1.297E+04   4.457E+00  2.072E-03 
1.297E+04   4.457E+00  2.072E-03 
1.297E+04   4.457E+00  2.072E-03 
1.297E+04   4.457E+00  2.072E-03 
1.297E+04   4.457E+00  2.072E-03 
1.297E+04   4.456E+00  2.072E-03 
1.297E+04   4.456E+00  2.072E-03 
1.298E+04   4.456E+00  2.072E-03 
1.298E+04   4.456E+00  2.072E-03 
1.298E+04   4.456E+00  2.072E-03 
1.298E+04   4.456E+00  2.071E-03 
1.298E+04   4.455E+00  2.071E-03 
1.298E+04   4.455E+00  2.071E-03 
1.298E+04   4.455E+00  2.071E-03 
1.298E+04   4.455E+00  2.071E-03 
1.298E+04   4.455E+00  2.071E-03 
1.298E+04   4.455E+00  2.071E-03 
1.298E+04   4.454E+00  2.071E-03 
1.298E+04   4.454E+00  2.071E-03 
1.298E+04   4.454E+00  2.071E-03 
1.298E+04   4.454E+00  2.070E-03 
1.298E+04   4.454E+00  2.070E-03 
1.299E+04   4.453E+00  2.070E-03 
1.299E+04   4.453E+00  2.070E-03 
1.299E+04   4.453E+00  2.070E-03 
1.299E+04   4.453E+00  2.070E-03 
1.299E+04   4.453E+00  2.070E-03 
1.299E+04   4.453E+00  2.070E-03 
1.299E+04   4.452E+00  2.070E-03 
1.299E+04   4.452E+00  2.070E-03 
1.299E+04   4.452E+00  2.070E-03 
1.299E+04   4.452E+00  2.069E-03 
1.299E+04   4.452E+00  2.069E-03 
1.299E+04   4.451E+00  2.069E-03 
1.299E+04   4.451E+00  2.069E-03 
1.299E+04   4.451E+00  2.069E-03 
1.299E+04   4.451E+00  2.069E-03 
1.300E+04   4.451E+00  2.069E-03 
1.300E+04   4.451E+00  2.069E-03 
1.300E+04   4.450E+00  2.069E-03 
1.300E+04   4.450E+00  2.069E-03 
1.300E+04   4.450E+00  2.069E-03 
1.300E+04   4.450E+00  2.068E-03 
1.300E+04   4.450E+00  2.068E-03 
1.300E+04   4.450E+00  2.068E-03 
1.300E+04   4.449E+00  2.068E-03 
1.300E+04   4.449E+00  2.068E-03 
1.300E+04   4.449E+00  2.068E-03 
1.300E+04   4.449E+00  2.068E-03 
1.300E+04   4.449E+00  2.068E-03 
1.300E+04   4.448E+00  2.068E-03 
1.300E+04   4.448E+00  2.068E-03 
1.300E+04   4.448E+00  2.067E-03 
1.301E+04   4.448E+00  2.067E-03 
1.301E+04   4.448E+00  2.067E-03 
1.301E+04   4.448E+00  2.067E-03 
1.301E+04   4.447E+00  2.067E-03 
1.301E+04   4.447E+00  2.067E-03 
1.301E+04   4.447E+00  2.067E-03 
1.301E+04   4.447E+00  2.067E-03 
1.301E+04   4.447E+00  2.067E-03 
1.301E+04   4.446E+00  2.067E-03 
1.301E+04   4.446E+00  2.067E-03 
1.301E+04   4.446E+00  2.066E-03 
1.301E+04   4.446E+00  2.066E-03 
1.301E+04   4.446E+00  2.066E-03 
1.301E+04   4.446E+00  2.066E-03 
1.301E+04   4.445E+00  2.066E-03 
1.302E+04   4.445E+00  2.066E-03 
1.302E+04   4.445E+00  2.066E-03 
1.302E+04   4.445E+00  2.066E-03 
1.302E+04   4.445E+00  2.066E-03 
1.302E+04   4.445E+00  2.066E-03 
1.302E+04   4.444E+00  2.066E-03 
1.302E+04   4.444E+00  2.065E-03 
1.302E+04   4.444E+00  2.065E-03 
1.302E+04   4.444E+00  2.065E-03 
1.302E+04   4.444E+00  2.065E-03 
1.302E+04   4.443E+00  2.065E-03 
1.302E+04   4.443E+00  2.065E-03 
1.302E+04   4.443E+00  2.065E-03 
1.302E+04   4.443E+00  2.065E-03 
1.302E+04   4.443E+00  2.065E-03 
1.303E+04   4.443E+00  2.065E-03 
1.303E+04   4.442E+00  2.065E-03 
1.303E+04   4.442E+00  2.064E-03 
1.303E+04   4.442E+00  2.064E-03 
1.303E+04   4.442E+00  2.064E-03 
1.303E+04   4.442E+00  2.064E-03 
1.303E+04   4.442E+00  2.064E-03 
1.303E+04   4.441E+00  2.064E-03 
1.303E+04   4.441E+00  2.064E-03 
1.303E+04   4.441E+00  2.064E-03 
1.303E+04   4.441E+00  2.064E-03 
1.303E+04   4.441E+00  2.064E-03 
1.303E+04   4.440E+00  2.063E-03 
1.303E+04   4.440E+00  2.063E-03 
1.303E+04   4.440E+00  2.063E-03 
1.304E+04   4.440E+00  2.063E-03 
1.304E+04   4.440E+00  2.063E-03 
1.304E+04   4.440E+00  2.063E-03 
1.304E+04   4.439E+00  2.063E-03 
1.304E+04   4.439E+00  2.063E-03 
1.304E+04   4.439E+00  2.063E-03 
1.304E+04   4.439E+00  2.063E-03 
1.304E+04   4.439E+00  2.063E-03 
1.304E+04   4.439E+00  2.062E-03 
1.304E+04   4.438E+00  2.062E-03 
1.304E+04   4.438E+00  2.062E-03 
1.304E+04   4.438E+00  2.062E-03 
1.304E+04   4.438E+00  2.062E-03 
1.304E+04   4.438E+00  2.062E-03 
1.304E+04   4.437E+00  2.062E-03 
1.304E+04   4.437E+00  2.062E-03 
1.305E+04   4.437E+00  2.062E-03 
1.305E+04   4.437E+00  2.062E-03 
1.305E+04   4.437E+00  2.062E-03 
1.305E+04   4.437E+00  2.061E-03 
1.305E+04   4.436E+00  2.061E-03 
1.305E+04   4.436E+00  2.061E-03 
1.305E+04   4.436E+00  2.061E-03 
1.305E+04   4.436E+00  2.061E-03 
1.305E+04   4.436E+00  2.061E-03 
1.305E+04   4.435E+00  2.061E-03 
1.305E+04   4.435E+00  2.061E-03 
1.305E+04   4.435E+00  2.061E-03 
1.305E+04   4.435E+00  2.061E-03 
1.305E+04   4.435E+00  2.061E-03 
1.305E+04   4.435E+00  2.060E-03 
1.306E+04   4.434E+00  2.060E-03 
1.306E+04   4.434E+00  2.060E-03 
1.306E+04   4.434E+00  2.060E-03 
1.306E+04   4.434E+00  2.060E-03 
1.306E+04   4.434E+00  2.060E-03 
1.306E+04   4.434E+00  2.060E-03 
1.306E+04   4.433E+00  2.060E-03 
1.306E+04   4.433E+00  2.060E-03 
1.306E+04   4.433E+00  2.060E-03 
1.306E+04   4.433E+00  2.059E-03 
1.306E+04   4.433E+00  2.059E-03 
1.306E+04   4.432E+00  2.059E-03 
1.306E+04   4.432E+00  2.059E-03 
1.306E+04   4.432E+00  2.059E-03 
1.306E+04   4.432E+00  2.059E-03 
1.307E+04   4.432E+00  2.059E-03 
1.307E+04   4.432E+00  2.059E-03 
1.307E+04   4.431E+00  2.059E-03 
1.307E+04   4.431E+00  2.059E-03 
1.307E+04   4.431E+00  2.059E-03 
1.307E+04   4.431E+00  2.058E-03 
1.307E+04   4.431E+00  2.058E-03 
1.307E+04   4.431E+00  2.058E-03 
1.307E+04   4.430E+00  2.058E-03 
1.307E+04   4.430E+00  2.058E-03 
1.307E+04   4.430E+00  2.058E-03 
1.307E+04   4.430E+00  2.058E-03 
1.307E+04   4.430E+00  2.058E-03 
1.307E+04   4.429E+00  2.058E-03 
1.307E+04   4.429E+00  2.058E-03 
1.308E+04   4.429E+00  2.058E-03 
1.308E+04   4.429E+00  2.057E-03 
1.308E+04   4.429E+00  2.057E-03 
1.308E+04   4.429E+00  2.057E-03 
1.308E+04   4.428E+00  2.057E-03 
1.308E+04   4.428E+00  2.057E-03 
1.308E+04   4.428E+00  2.057E-03 
1.308E+04   4.428E+00  2.057E-03 
1.308E+04   4.428E+00  2.057E-03 
1.308E+04   4.428E+00  2.057E-03 
1.308E+04   4.427E+00  2.057E-03 
1.308E+04   4.427E+00  2.057E-03 
1.308E+04   4.427E+00  2.056E-03 
1.308E+04   4.427E+00  2.056E-03 
1.308E+04   4.427E+00  2.056E-03 
1.308E+04   4.426E+00  2.056E-03 
1.309E+04   4.426E+00  2.056E-03 
1.309E+04   4.426E+00  2.056E-03 
1.309E+04   4.426E+00  2.056E-03 
1.309E+04   4.426E+00  2.056E-03 
1.309E+04   4.426E+00  2.056E-03 
1.309E+04   4.425E+00  2.056E-03 
1.309E+04   4.425E+00  2.056E-03 
1.309E+04   4.425E+00  2.055E-03 
1.309E+04   4.425E+00  2.055E-03 
1.309E+04   4.425E+00  2.055E-03 
1.309E+04   4.425E+00  2.055E-03 
1.309E+04   4.424E+00  2.055E-03 
1.309E+04   4.424E+00  2.055E-03 
1.309E+04   4.424E+00  2.055E-03 
1.309E+04   4.424E+00  2.055E-03 
1.310E+04   4.424E+00  2.055E-03 
1.310E+04   4.424E+00  2.055E-03 
1.310E+04   4.423E+00  2.054E-03 
1.310E+04   4.423E+00  2.054E-03 
1.310E+04   4.423E+00  2.054E-03 
1.310E+04   4.423E+00  2.054E-03 
1.310E+04   4.423E+00  2.054E-03 
1.310E+04   4.422E+00  2.054E-03 
1.310E+04   4.422E+00  2.054E-03 
1.310E+04   4.422E+00  2.054E-03 
1.310E+04   4.422E+00  2.054E-03 
1.310E+04   4.422E+00  2.054E-03 
1.310E+04   4.422E+00  2.054E-03 
1.310E+04   4.421E+00  2.053E-03 
1.310E+04   4.421E+00  2.053E-03 
1.311E+04   4.421E+00  2.053E-03 
1.311E+04   4.421E+00  2.053E-03 
1.311E+04   4.421E+00  2.053E-03 
1.311E+04   4.421E+00  2.053E-03 
